[    0.000000] Linux version 4.15.0-39-generic (buildd@lgw01-amd64-054) (gcc version 7.3.0 (Ubuntu 7.3.0-16ubuntu3)) #42-Ubuntu SMP Tue Oct 23 15:48:01 UTC 2018 (Ubuntu 4.15.0-39.42-generic 4.15.18)
[    0.000000] Command line: BOOT_IMAGE=/boot/vmlinuz-4.15.0-39-generic root=LABEL=cloudimg-rootfs ro console=tty1 console=ttyS0
[    0.000000] KERNEL supported cpus:
[    0.000000]   Intel GenuineIntel
[    0.000000]   AMD AuthenticAMD
[    0.000000]   Centaur CentaurHauls
[    0.000000] x86/fpu: Supporting XSAVE feature 0x001: 'x87 floating point registers'
[    0.000000] x86/fpu: Supporting XSAVE feature 0x002: 'SSE registers'
[    0.000000] x86/fpu: Supporting XSAVE feature 0x004: 'AVX registers'
[    0.000000] x86/fpu: xstate_offset[2]:  576, xstate_sizes[2]:  256
[    0.000000] x86/fpu: Enabled xstate features 0x7, context size is 832 bytes, using 'standard' format.
[    0.000000] e820: BIOS-provided physical RAM map:
[    0.000000] BIOS-e820: [mem 0x0000000000000000-0x000000000009fbff] usable
[    0.000000] BIOS-e820: [mem 0x000000000009fc00-0x000000000009ffff] reserved
[    0.000000] BIOS-e820: [mem 0x00000000000f0000-0x00000000000fffff] reserved
[    0.000000] BIOS-e820: [mem 0x0000000000100000-0x000000003ffeffff] usable
[    0.000000] BIOS-e820: [mem 0x000000003fff0000-0x000000003fffffff] ACPI data
[    0.000000] BIOS-e820: [mem 0x00000000fec00000-0x00000000fec00fff] reserved
[    0.000000] BIOS-e820: [mem 0x00000000fee00000-0x00000000fee00fff] reserved
[    0.000000] BIOS-e820: [mem 0x00000000fffc0000-0x00000000ffffffff] reserved
[    0.000000] NX (Execute Disable) protection: active
[    0.000000] SMBIOS 2.5 present.
[    0.000000] DMI: innotek GmbH VirtualBox/VirtualBox, BIOS VirtualBox 12/01/2006
[    0.000000] Hypervisor detected: KVM
[    0.000000] e820: last_pfn = 0x3fff0 max_arch_pfn = 0x400000000
[    0.000000] MTRR: Disabled
[    0.000000] x86/PAT: MTRRs disabled, skipping PAT initialization too.
[    0.000000] CPU MTRRs all blank - virtualized system.
[    0.000000] x86/PAT: Configuration [0-7]: WB  WT  UC- UC  WB  WT  UC- UC  
[    0.000000] found SMP MP-table at [mem 0x0009fff0-0x0009ffff] mapped at [        (ptrval)]
[    0.000000] Scanning 1 areas for low memory corruption
[    0.000000] RAMDISK: [mem 0x35ae1000-0x36d67fff]
[    0.000000] ACPI: Early table checksum verification disabled
[    0.000000] ACPI: RSDP 0x00000000000E0000 000024 (v02 VBOX  )
[    0.000000] ACPI: XSDT 0x000000003FFF0030 00003C (v01 VBOX   VBOXXSDT 00000001 ASL  00000061)
[    0.000000] ACPI: FACP 0x000000003FFF00F0 0000F4 (v04 VBOX   VBOXFACP 00000001 ASL  00000061)
[    0.000000] ACPI: DSDT 0x000000003FFF0470 0021FF (v02 VBOX   VBOXBIOS 00000002 INTL 20100528)
[    0.000000] ACPI: FACS 0x000000003FFF0200 000040
[    0.000000] ACPI: FACS 0x000000003FFF0200 000040
[    0.000000] ACPI: APIC 0x000000003FFF0240 00005C (v02 VBOX   VBOXAPIC 00000001 ASL  00000061)
[    0.000000]CPI: SSDT 0x000000003FFF02A0 0001CC (v01 VBOX   VBOXCPUT 00000002 INTL 20100528)
[    0.000000] No NUMA configuration found
[    0.000000] Faking a node at [mem 0x0000000000000000-0x000000003ffeffff]
[    0.000000] NODE_DATA(0) allocated [mem 0x3ffc5000-0x3ffeffff]
[    0.000000] kvm-clock: cpu 0, msr 0:3ff44001, primary cpu clock
[    0.000000] kvm-clock: Using msrs 4b564d01 and 4b564d00
[    0.000000] kvm-clock: using sched offset of 3777604025 cycles
[    0.000000] clocksource: kvm-clock: mask: 0xffffffffffffffff max_cycles: 0x1cd42e4dffb, max_idle_ns: 881590591483 ns
[    0.000000] Zone ranges:
[    0.000000]   DMA      [mem 0x0000000000001000-0x0000000000ffffff]
[    0.000000]   DMA32    [mem 0x0000000001000000-0x000000003ffeffff]
[    0.000000]   Normal   empty
[    0.000000]   Device   empty
[    0.000000] Movable zone start for each node
[    0.000000] Early memory node ranges
[    0.000000]   node   0: [mem 0x0000000000001000-0x000000000009efff]
[    0.000000]   node   0: [mem 0x0000000000100000-0x000000003ffeffff]
[    0.000000] Initmem setup node 0 [mem 0x0000000000001000-0x000000003ffeffff]
[    0.000000] Reserved but unavailable: 98 pages
[    0.000000] ACPI: PM-Timer IO Port: 0x4008
[    0.000000] IOAPIC[0]: apic_id 2, version 32, address 0xfec00000, GSI 0-23
[    0.000000] ACPI: INT_SRC_OVR (bus 0 bus_irq 0 global_irq 2 dfl dfl)
[    0.000000] ACPI: INT_SRC_OVR (bus 0 bus_irq 9 global_irq 9 low level)
[    0.000000] Using ACPI (MADT) for SMP configuration information
[    0.000000] smpboot: Allowing 2 Us, 0 hotplug CPUs
[    0.000000] PM: Registered nosave memory: [mem 0x00000000-0x00000fff]
[    0.000000] PM: Registered nosave memory: [mem 0x0009f000-0x0009ffff]
[    0.000000] PM: Registered nosave memory: [mem 0x000a0000-0x000effff]
[    0.000000] PM: Registered nosave memory: [mem 0x000f0000-0x000fffff]
[    0.000000] e820: [mem 0x40000000-0xfebfffff] available for PCI devices
[    0.000000] Booting paravirtualized kernel on KVM
[    0.000000] clocksource: refined-jiffies: mask: 0xffffffff max_cycles: 0xffffffff, max_idle_ns: 7645519600211568 ns
[    0.000000] random: get_random_bytes called from start_kernel+0x99/0x4fd with crng_init=0
[    0.000000] setup_percpu: NR_CPUS:8192 nr_cpumask_bits:2 nr_cpu_ids:2 nr_node_ids:1
[    0.000000] percpu: Embedded 46 pages/cpu @        (ptrval) s151552 r8192 d28672 u1048576
[    0.000000] PV qspinlock hash table entries: 256 (order: 0, 4096 bytes)
[    0.000000] Built 1 zonelists, mobility grouping on.  Total pages: 257913
[    0.000000] Policy zone: DMA32
[    0.000000] Kernel command line: BOOT_IMAGE=/boot/vmlinuz-4.15.0-39-generic root=LABEL=cloudimg-rootfs ro console=ty1 console=ttyS0
[    0.000000] Memory: 983612K/1048120K available (12300K kernel code, 2472K rwdata, 4248K rodata, 2408K init, 2416K bss, 64508K reserved, 0K cma-reserved)
[    0.000000] SLUB: HWalign=64, Order=0-3, MinObjectts=0, CPUs=2, Nodes=1
[    0.000000] Kernel/User page tables isolation: enabled
[    0.000000] ftrace: allocating 39178 entries in 154 pages
[    0.004000] Hierarchical RCU implementation.
[    0.004000] 	RCU restricting CPUs from NR_CPUS=8192 to nr_cpu_ids=2.
[    0.004000] 	Tasks RCU enabled.
[    0.004000] RCU: Adjusting geometry for rcu_fanout_leaf=16, nr_cpu_ids=2
[    0.004000] NR_IRQS: 524544, nr_irqs: 440, preallocated irqs: 16
[    0.004000] Console: colour VGA+ 80x25
[    0.004000] console [tty1] enabled
[    0.004000] console [ttyS0] enabled
[    0.004000] ACPI: Core revision 20170831
[    0.004000] ACPI: 2 ACPI AML tables successfully acquired and loaded
[    0.004000] APIC: Switch to symmetric I/O mode setup
[    0.004000] x2apic enabled
[    0.004000] Switched APIC routing to physical x2apic.
[    0.005000] ..TIMER: vector=0x30 apic1=0 pin1=2 apic2=-1 pin2=-1
[    0.008002] tsc: Detected 2800.000 MHz processor
[    0.012011] Calibrating delay loop (skipped) preset value.. 5600.00 BogoMIPS (lpj=11200000)
[    0.014890] pid_max: default: 32768 minimum: 301
[    0.016040] Security Framework initialized
[    0.017297] Yama: becoming mindful.
[    0.018398] AppArmor: AppArmor initialized
[    0.021656] Dentry cache hash table entries: 131072 (order: 8, 1048576 bytes)
[    0.024076] Inode-cache hash table entries: 65536 (order: 7, 524288 bytes)
[    0.028016] Mount-cache hash table entries: 2048 (order: 2, 16384 bytes)
[    0.030136] Mountpoint-cache hash table entries: 2048 (order: 2, 16384 bytes)
[    0.032235] mce: CPU supports 0 MCE banks
[    0.033850] Last level iTLB entries: 4KB 1024, 2MB 1024, 4MB 1024
[    0.036004] Last level dTLB entries: 4KB 1024, 2MB 1024, 4MB 1024, 1GB 4
[    0.038052] Spectre V2 : Mitigation: Full generic retpoline
[    0.040003] Spectre V2 : Spectre v2 / SpectreRSB mitigation: Filling RSB on context switch
[    0.042524] Speculative Store Bypass: Vulnerable
[    0.044089] Freeing SMP alternatives memory: 36K
[    0.048000] smpboot: CPU0: Intel(R) Core(TM) i5-4308U CPU @ 2.80GHz (family: 0x6, model: 0x45, stepping: 0x1)
[    0.048095] Performance Events: unsupported p6 CPU model 69 no PMU driver, software events only.
[    0.052054] Hierarchical SRCU implementation.
[    0.056740] NMI watchdog: Perf event create on CPU 0 failed with -2
[    0.060006] NMI watchdog: Perf NMI watchdog permanently disabled
[    0.064074] smp: Bringing up secondary CPUs ...
[    0.068090] x86: Booting SMP configuration:
[    0.069425] .... node  #0, CPUs:      #1
[    0.004000] kvm-clock: cpu 1, msr 0:3ff44041, secondary cpu clock
[    0.004000] mce: CPU supports 0 MCE banks
[    0.088025] smp: Brought up 1 node, 2 CPUs
[    0.089495] smpboot: Max logical packages: 1
[    0.091137] smpboot: Total of 2 processors activated (11200.00 BogoMIPS)
[    0.092154] devtmpfs: initialized
[    0.093116] x86/mm: Memory block size: 128MB
[    0.096140] evm: security.selinux
[    0.097262] evm: security.SMACK64
[    0.098306] evm: security.SMACK64EXEC
[    0.099555] evm: security.SMACK64TRANSMUTE
[    0.100004] evm: security.SMACK64MMAP
[    0.101324] evm: security.apparmor
[    0.102388] evm: security.ima
[    0.104003] evm: security.capability
[    0.105295] clocksource: jiffies: mask: 0xffffffff max_cycles: 0xffffffff, max_idle_ns: 7645041785100000 ns
[    0.108015] futex hash table entries: 512 (order: 3, 32768 bytes)
[    0.110019] pinctrl core: initialized pinctrl subsystem
[    0.113730] RTC time: 11:10:26, date: 11/23/18
[    0.116174] NET: Registered protocol family 16
[    0.117719] audit: initializing netlink subsys (disabled)
[    0.120035] audit: type=2000 audit(1542971430.908:1): state=initialized audit_enabled=0 res=1
[    0.122636] cpuidle: using governor ladder
[    0.124016] cpuidle: using governor menu
[    0.125416] ACPI: bus type PCI registered
[    0.126722] acpiphp: ACPI Hot Plug PCI Controller Driver version: 0.5
[    0.128116] PCI: Using configuration type 1 for base access
[    0.132330] HugeTLB registered 2.00 MiB page size, pre-allocated 0 pages
[    0.134237] ACPI: Added _OSI(Module Device)
[    0.136004] ACPI: Added _OSI(Processor Device)
[    0.137674] ACPI: Added _OSI(3.0 _SCP Extensions)
[    0.139123] ACPI: Added _OSI(Processor Aggregator Device)
[    0.140005] ACPI: Added _OSI(Linux-Dell-Video)
[    0.141363] ACPI: Added _OSI(Linux-Lenovo-NV-HDMI-Audio)
[    0.144398] ACPI: Executed 1 blocks of module-level executable AML code
[    0.151375] ACPI: Interpreter enabled
[    0.152016] ACPI: (supports S0 S5)
[    0.153080] ACPI: Using IOAPIC for interrupt routing
[    0.154790] PCI: Using host bridge windows from ACPI; if necessary, use "pci=nocrs" and report a bug
[    0.156218] ACPI: Enabled 2 GPEs in block 00 to 07
[    0.167121] ACPI: PCI Root Bridge [PCI0] (domain 0000 [bus 00-ff])
[    0.168009] acpi PNP0A03:00: _OSC: OS supports [ASPM ClockPM Segments MSI]
[    0.170461] acpi PNP0A03:00: _OSC: not requesting OS control; OS requires [ExtendedConfig ASPM ClockPM MSI]
[    0.172018] acpi PNP0A03:00: fail to add MMCONFIG information, can't access extended PCI configuration space under this bridge.
[    0.176457] PCI host bridge to bus 0000:00
[    0.177864] pci_bus 0000:00: root bus resource [io  0x0000-0x0cf7 window]
[    0.180005] pci_bus 0000:00: root bus resource [io  0x0d00-0xffff window]
[    0.184006] pci_bus 0000:00: root bus resource [mem 0x000a0000-0x000bffff window]
[    0.186532] pci_bus 0000:00: root bus resource [mem 0x40000000-0xfdffffff window]
[    0.188008] pci_bus 0000:00: root bus resource [bus 00-ff]
[    0.195816] pci 0000:00:01.1: legacy IDE quirk: reg 0x10: [io  0x01f0-0x01f7]
[    0.196010] pci 0000:00:01.1: legacy IDE quirk: reg 0x14: [io  0x03f6]
[    0.200012] pci 0000:00:01.1: legacy IDE quirk: reg 0x18: [io  0x0170-0x0177]
[    0.204008] pci 0000:00:01.1: legacy IDE quirk: reg 0x1c: [io  0x0376]
[    0.237828] pci 0000:00:07.0: quirk: [io  0x4000-0x403f] claimed by PIIX4 ACPI
[    0.240042] pci 0000:00:07.0: quirk: [io  0x4100-0x410f] claimed by PIIX4 SMB
[    0.262479] ACPI: PCI Interrupt Link [LNKA] (IRQs 5 9 10 *11)
[    0.264565] ACPI: PCI Interrupt Link [LNKB] (IRQs 5 9 *10 11)
[    0.268252] ACPI: PCI Interrupt Link [LNKC] (IRQs 5 *9 10 11)
[    0.272257] ACPI: PCI Interrupt Link [LNKD] (IRQs 5 9 10 *11)
[    0.281846] SCSI subsystem initialized
[    0.284316] pci 0000:00:02.0: vgaarb: setting as boot VGA device
[    0.288000] pci 0000:00:02.0: vgaarb: VGA device added: decodes=io+mem,owns=io+mem,locks=none
[    0.288016] pci 0000:00:02.0: vgaarb: bridge control possible
[    0.289875] vgaarb: loaded
[    0.292049] ACPI: bus type USB registered
[    0.293575] usbcore: registered new interface driver usbfs
[    0.295251] usbcore: registered new interface driver hub
[    0.296030] usbcore: registered new device driver usb
[    0.297731] EDAC MC: Ver: 3.0.0
[    0.300343] PCI: Using ACPI for IRQ routing
[    0.302198] NetLabel: Initializing
[    0.304008] NetLabel:  domain hash size = 128
[    0.305477] NetLabel:  protocols = UNLABELED CIPSOv4 CALIPSO
[    0.308028] NetLabel:  unlabeled traffic allowed by default
[    0.309835] clocksource: Switched to clocksource kvm-clock
[    0.323113] VFS: Disk quotas dquot_6.6.0
[    0.324747] VFS: Dquot-cache hash table entries: 512 (order 0, 4096 bytes)
[    0.327084] AppArmor: AppArmor Filesystem Enabled
[    0.328575] pnp: PnP ACPI init
[    0.330822] pnp: PnP ACPI: found 3 devices
[    0.343000] clocksource: acpi_pm: mask: 0xffffff max_cycles: 0xffffff, max_idle_ns: 2085701024 ns
[    0.345878] NET: Registered protocol family 2
[    0.349430] TCP established hash table entries: 8192 (order: 4, 65536 bytes)
[    0.351735] TCP bind hash table entries: 8192 (order: 5, 131072 bytes)
[    0.353866] TCP: Hash tables configured (established 8192 bind 8192)
[    0.35504] UDP hash table entries: 512 (order: 2, 16384 bytes)
[    0.380620] UDP-Lite hash table entries: 512 (order: 2, 16384 bytes)
[    0.382566] NET: Registered protocol family 1
[    0.383920] pci 0000:00:00.0: Limiting direct PCI/PCI transfers
[    0.385871] pci 0000:00:01.0: Activating ISA DMA hang workarounds
[    0.387806] pci 0000:00:02.0: Video device with shadowed ROM at [mem 0x000c0000-0x000dffff]
[    0.390911] Unpacking initramfs...

[    0.672804] Freeing initrd memory: 18972K
[    0.678046] platform rtc_cmos: registered platform RTC device (no PNP device found)
[    0.680899] Scanning for low memory corruption every 60 seconds
[    0.683897] Initialise system trusted keyrings
[    0.691473] Key type blacklist registered
[    0.693018] workingset: timestamp_bits=36 max_order=18 bucket_order=0
[    0.702145] zbud: loaded
[    0.703445] squashfs: version 4.0 (2009/01/31) Phillip Lougher
[    0.705521] fuse init (API version 7.26)
[    0.717527] Key type asymmetric registered
[    0.719006] Asymmetric key parser 'x509' registered
[    0.720682] Block layer SCSI generic (bsg) driver version 0.4 loaded (major 246)
[    0.723142] io scheduler noop registered
[    0.725697] io scheduler deadline registered
[    0.727909] io scheduler cfq registered (default)
[    0.730294] ACPI: AC Adapter [AC] (on-line)
[    0.731815] input: Power Button as /devices/LNXSYSTM:00/LNXPWRBN:00/input/input0
[    0.734716] ACPI: Power Button [PWRF]
[    0.736455] input: Sleep Button as /devices/LNXSYSTM:00/LNXSLPBN:00/input/input1
[    0.764733] ACPI: Sleep Button [SLPF]
[    0.843394] Serial: 8250/16550 driver, 32 ports, IRQ sharing enabled
[    0.844928] ACPI: Battery Slot [BAT0] (battery present)
[    0.948127] 00:02: ttyS0 at I/O 0x3f8 (irq = 4, base_baud = 115200) is a 16550A
[    0.952190] Linux agpgart interface v0.103
[    0.954632] loop: module loaded
[    0.956726] scsi host0: ata_piix
[    0.958515] scsi host1: ata_piix
[    0.959635] ata1: PATA max UDMA/33 cmd 0x1f0 ctl 0x3f6 bmdma 0xd000 irq 14
[    0.961850] ata2: PATA max UDMA/33 cmd 0x170 ctl 0x376 bmdma 0xd008 irq 15
[    0.964111] libphy: Fixed MDIO Bus: probed
[    0.965686] tun: Universal TUN/TAP device driver, 1.6
[    0.970138] PPP generic driver version 2.4.2
[    0.971556] ehci_hcd: USB 2.0 'Enhanced' Host Controller (EHCI) Driver
[    0.973933] ehci-pci: EHCI PCI platform driver
[    0.975626] ehci-platform: EHCI generic platform driver
[    0.977381] ohci_hcd: USB 1.1 'Open' Host Controller (OHCI) Driver
[    0.979397] ohci-pci: OHCI PCI platform driver
[    0.980798] ohci-platform: OHCI generic platform driver
[    0.982505] uhci_hcd: USB Universal Host Controller Interface driver
[    0.986764] i8042: PNP: PS/2 Controller [PNP0303:PS2K,PNP0f03:PS2M] at 0x60,0x64 irq 1,12
[    0.989869] serio: i8042 KBD port at 0x60,0x64 irq 1
[    0.993860] serio: i8042 AUX port at 0x60,0x64 irq 12
[    0.995510] mousedev: PS/2 mouse device common for all mice
[    0.997541] input: AT Translated Set 2 keyboard as /devices/platform/i8042/serio0/input/input2
[    1.001135] rtc_cmos rtc_cmos: rtc core: registered rtc_cmos as rtc0
[    1.003201] rtc_cmos rtc_cmos: alarms up to one day, 114 bytes nvram
[    1.005448] i2c /dev entries driver
[    1.006662] pcie_mp2_amd: AMD(R) PCI-E MP2 Communication Driver Version: 1.0
[    1.010697] device-mapper: uevent: version 1.0.3
[    1.012373] device-mapper: ioctl: 4.37.0-ioctl (2017-09-20) initialised: dm-devel@redhat.com
[    1.015170] ledtrig-cpu: registered to indicate activity on CPUs
[    1.019822] NET: Registered protocol family 10
[    1.025553] Segment Routing with IPv6
[    1.026852] NET: Registered protocol family 17
[    1.028579] Key type dns_resolver registered
[    1.030828] RAS: Correctable Errors collector initialized.
[    1.032692] sched_clock: Marking stable (1032667869, 0)->(2063819988, -1031152119)
[    1.039281] registered taskstats version 1
[    1.040972] Loading compiled-in X.509 certificates
[    1.045024] Loaded X.509 cert 'Build time autogenerated kernel key: 28c680bedc8638650c29d29ff1fd33ae66a2014d'
[    1.048419] zswap: loaded using pool lzo/zbud
[    1.054046] Key type big_key registered
[    1.055308] Key type trusted registered
[    1.058531] Key type encrypted registered
[    1.063437] AppArmor: AppArmor sha1 policy hashing enabled
[    1.065197] ima: No TPM chip found, activating TPM-bypass! (rc=-19)
[    1.069183] ima: Allocated hash algorithm: sha1
[    1.070589] evm: HMAC attrs: 0x1
[    1.071930]   Magic number: 10:541:176
[    1.073355] rtc_cmos rtc_cmos: setting system clock to 2018-11-23 11:10:27 UTC (1542971427)
[    1.077101] BIOS EDD facility v0.16 2004-Jun-25, 0 devices found
[    1.079105] EDD information not available.
[    1.187338] Freeing unused kernel memory: 2408K
[    1.200520] Write protecting the kernel read-only data: 20480k
[    1.206153] Freeing unused kernel memory: 2008K
[    1.217855] Freeing unused kernel memory: 1896K
[    1.243803] x86/mm: Checked W+X mappings: passed, no W+X pages found.
[    1.246264] x86/mm: Checking user space page tables
[    1.535586] x86/mm: Checked W+X mappings: passed, no W+X pages found.
[    2.183751] tsc: Refined TSC clocksource calibration: 2799.959 MHz
[    2.185357] clocksource: tsc: mask: 0xffffffffffffffff max_cycles: 0x285c19e8ea5, max_idle_ns: 440795292974 ns
Loading, please wait...
starting version 237
[    2.265987] Fusion MPT base driver 3.04.20
[    2.267616] Copyright (c) 1999-2008 LSI Corporation
[    2.275802] e1000: Intel(R) PRO/1000 Network Driver - version 7.3.21-k8-NAPI
[    2.278674] e1000: Copyright (c) 1999-2006 Intel Corporation.
[    2.375568] Fusion MPT SPI Host driver 3.04.20
[    2.426791] AVX2 version of gcm_enc/dec engaged.
[    2.432555] AES CTR mode by8 optimization enabled
[    2.574868] input: ImExPS/2 Generic Explorer Mouse as /devices/platform/i8042/serio1/input/input4
[    2.923090] e1000 0000:00:03.0 eth0: (PCI:33MHz:32-bit) 02:73:c3:8b:e3:3b
[    2.926225] e1000 0000:00:03.0 eth0: Intel(R) PRO/1000 Network Connection
[    2.932420] mptbase: ioc0: Initiating bringup
[    3.272295] ioc0: LSI53C1030 A0: Capabilities={Initiator}
[    4.935160] scsi host2: ioc0: LSI53C1030 A0, FwRev=00000000h, Ports=1, MaxQ=256, IRQ=20
[    6.244737] scsi 2:0:0:0: Direct-Access     VBOX     HARDDISK         1.0  PQ: 0 ANSI: 5
[    6.288495] scsi target2:0:0: Beginning Domain Validation
[    6.303423] scsi target2:0:0: Domain Validation skipping write tests
[    6.313428] scsi target2:0:0: Ending Domain Validation
[    6.317025] scsi target2:0:0: asynchronous
[    6.323305] scsi 2:0:1:0: Direct-Access     VBOX     HARDDISK         1.0  PQ: 0 ANSI: 5
[    6.684106] scsi target2:0:1: Beginning Domain Validation
[    6.688379] random: fast init done
[    6.691321] scsi target2:0:1: Domain Validation skipping write tests
[    6.698941] scsi target2:0:1: Ending Domain Validation
[    6.700634] scsi target2:0:1: asynchronous
[    6.706732] random: systemd-udevd: uninitialized urandom read (16 bytes read)
[    6.707074] sd 2:0:0:0: [sda] 20971520 512-byte logical blocks: (10.7 GB/10.0 GiB)
[    6.707169] sd 2:0:0:0: [sda] Write Protect is off
[    6.707337] sd 2:0:0:0: [sda] Incomplete mode parameter data
[    6.707338] sd 2:0:0:0: [sda] Assuming drive cache: write through
[    6.712193] sd 2:0:0:0: Attached scsi generic sg0 type 0
[    6.712973]  sda: sda1
[    6.713392] sd 2:0:1:0: Attached scsi generic sg1 type 0
[    6.713827] sd 2:0:1:0: [sdb] 20480 512-byte logical blocks: (10.5 MB/10.0 MiB)
[    6.713860] sd 2:0:0:0: [sda] Attached SCSI disk
[    6.713877] sd 2:0:1:0: [sdb] Write Protect is off
[    6.713978] sd 2:0:1:0: [sdb] Incomplete mode parameter data
[    6.713980] sd 2:0:1:0: [sdb] Assuming drive cache: write through
[    6.716000] sd 2:0:1:0: [sdb] Attached SCSI disk
[    6.733373] random: systemd-udevd: uninitialized urandom read (16 bytes read)
[    6.737206] random: systemd-udevd: uninitialized urandom read (16 bytes read)
[    6.745239] e1000 0000:00:08.0 eth1: (PCI:33MHz:32-bit) 08:00:27:76:71:56
[    6.747378] e1000 0000:00:08.0 eth1: Intel(R) PRO/1000 Network Connection
[    6.752495] e1000 0000:00:03.0 enp0s3: renamed from eth0
[    6.770716] e1000 0000:00:08.0 enp0s8: renamed from eth1
Begin: Loading essential drivers ... [    8.248214] raid6: sse2x1   gen()  3422 MB/s
[    8.296451] raid6: sse2x1   xor()  5226 MB/s
[    8.344180] raid6: sse2x2   gen()  8878 MB/s
[    8.392205] raid6: sse2x2   xor()  4701 MB/s
[    8.440045] raid6: sse2x4   gen() 10373 MB/s
[    8.488264] raid6: sse2x4   xor()  8487 MB/s
[    8.536408] raid6: avx2x1   gen() 17719 MB/s
[    8.584216] raid6: avx2x1   xor() 13497 MB/s
[    8.632300] raid6: avx2x2   gen() 22005 MB/s
[    8.680562] raid6: avx2x2   xor() 14467 MB/s
[    8.728210] raid6: avx2x4   gen() 26044 MB/s
[    8.776564] raid6: avx2x4   xor() 16198 MB/s
[    8.777975] raid6: using algorithm avx2x4 gen() 26044 MB/s
[    8.780168] raid6: .... xor() 16198 MB/s, rmw enabled
[    8.782485] raid6: using avx2x2 recovery algorithm
[    8.789327] xor: automatically using best checksumming function   avx       
[    8.795852] async_tx: api initialized (async)
done.
Begin: Running /scripts/init-premount ... done.
Begin: Mounting root file system ... Begin: Running /scripts/local-top ... done.
Begin: Running /scripts/local-premount ... [    8.866822] Btrfs loaded, crc32c=crc32c-intel
Scanning for Btrfs filesystems
done.
Warning: fsck not present, so skipping root file system
[    8.936987] EXT4-fs (sda1): mounted filesystem with ordered data mode. Opts: (null)
done.
Begin: Running /scripts/local-bottom ... done.
Begin: Running /scripts/init-bottom ... done.
[    9.127811] ip_tables: (C) 2000-2006 Netfilter Core Team
[    9.144713] systemd[1]: systemd 237 running in system mode. (+PAM +AUDIT +SELINUX +IMA +APPARMOR +SMACK +SYSVINIT +UTMP +LIBCRYPTSETUP +GCRYPT +GNUTLS +ACL +XZ +LZ4 +SECCOMP +BLKID +ELFUTILS +KMOD -IDN2 +IDN -PCRE2 default-hierarchy=hybrid)
[    9.160604] systemd[1]: Detected virtualization oracle.
[    9.162819] systemd[1]: Detected architecture x86-64.

Welcome to [1mUbuntu 18.04.1 LTS[0m!

[    9.182469] systemd[1]: Set hostname to <ubuntu>.
[    9.190122] systemd[1]: Initializing machine ID from random generator.
[    9.192927] systemd[1]: Installed transient /etc/machine-id file.
[    9.458019] systemd[1]: Reached target User and Group Name Lookups.
[[0;32m  OK  [0m] Reached target User and Group Name Lookups.
[    9.462751] systemd[1]: Reached target Swap.
[[0;32m  OK  [0m] Reached target Swap.
[    9.465809] systemd[1]: Started Forward Password Requests to Wall Directory Watch.
[[0;32m  OK  [0m] Started Forward Password Requests to Wall Directory Watch.
[    9.471198] systemd[1]: Reached target System Time Synchronized.
[[0;32m  OK  [0m] Reached target System Time Synchronized.
[[0;32m  OK  [0m] Set up automount Arbitrary Executab…rmats File System Automount Point.
[[0;32m  OK  [0m] Created slice System Slice.
[[0;32m  OK  [0m] Listening on Device-mapper event daemon FIFOs.
[[0;32m  OK  [0m] Created slice system-serial\x2dgetty.slice.
[[0;32m  OK  [0m] Listening on Journal Socket.
         Starting Load Kernel Modules...
         Starting Remount Root and Kernel File Systems...
[[0;32m  OK  [0m] Listening on LVM2 poll daemon socket.
[[0;32m  OK  [0m] Listening on Journal Audit Socket.
[[0;32m  OK  [0m] Listening on /dev/initctl Compatibility Named Pipe.
         Mounting POSIX Message Queue File System...[    9.508778] Loading iSCSI transport class v2.0-870.

[[0;32m  OK  [0m] Listening on udev Control Socket.
         Starting Set the console keyboard layout...
[    9.518847] iscsi: registered transport (tcp)
         Starting Create list of required st…ce nodes for the current kernel...
[[0;32m  OK  [0m] Listening on Journal Socket (/dev/log).
[[0;32m  OK  [0m] Listening on Syslog Socket.
         Starting Journal Service...
[[0;32m  OK  [0m] Listening on Network Service Netlink Socket.
         Mounting Kernel Debug File System...
[    9.569777] iscsi: registered transport (iser)
         Starting Uncomplicated firewall...
[[0;32m  OK  [0m] Listening on udev Kernel Socket.
         Starting udev Coldplug all Devices...
[[0;32m  OK  [0m] Listening on LVM2 metadata daemon socket.
         Starting Monitoring of LVM2 mirrors…ng dmeventd or progress polling...
[[0;32m  OK  [0m] Created slice User and Session Slice.
[[0;32m  OK  [0m] Reached target Slices.
         Mounting Huge Pages File System...
[[0;32m  OK  [0m] Started Journal Service.
[[0;32m  OK  [0m] Started Load Kernel Modules.
[[0;32m  OK  [0m] Started Create list of required sta…vice nodes for the current kernel.
[[0;32m  OK  [0m] Started Uncomplicated firewall.
         Starting Create Static Device Nodes in /dev...
         Starting Apply Kernel Variables...
         Mounting Kernel Configuration File System...
         Mounting FUSE Control File System...
[[0;32m  OK  [0m] Started Create Static Device Nodes in /dev.
[[0;32m  OK  [0m] Started Remount Root and Kernel File Systems.
[[0;32m  OK  [0m] Mounted POSIX Message Queue File System.
[[0;32m  OK  [0m] Mounted Kernel Debug File System.
[[0;32m  OK  [0m] Mounted Huge Pages File System.
[[0;32m  OK  [0m] Started udev Coldplug all Devices.
[[0;32m  OK  [0m] Started Apply Kernel Variables.
[[0;32m  OK  [0m] Mounted Kernel Configuration File System.
[[0;32m  OK  [0m] Mounted FUSE Control File System.
[[0;32m  OK  [0m] Started LVM2 metadata daemon.
         Starting Initial cloud-init job (pre-networking)...
         Starting Flush Journal to Persistent Storage...
         Starting Load/Save Random Seed...
         Starting udev Kernel Device Manager...
[[0;32m  OK  [0m] Started Set the console keyboard layout.
[[0;32m  OK  [0m] Started Load/Save Random Seed.
[[0;32m  OK  [0m] Started Monitoring of LVM2 mirrors,…sing dmeventd or progress polling.
[[0;32m  OK  [0m] Started udev Kernel Device Manager.
[[0;32m  OK  [0m] Started Dispatch Password Requests to Console Directory Watch.
[[0;32m  OK  [0m] Reached target Local Encrypted Volumes.
[[0;32m  OK  [0m] Reached target Local File Systems (Pre).
[[0;32m  OK  [0m] Reached target Local File Systems.
         Starting Set console font and keymap...
         Starting Tell Plymouth To Write Out Runtime Data...
         Starting AppArmor initialization...
         Starting ebtables ruleset management...
         Starting Commit a transient machine-id on disk...
[[0;32m  OK  [0m] Started Flush Journal to Persistent Storage.
         Starting Create Volatile Files and Directories...
[[0;32m  OK  [0m] Started Tell Plymouth To Write Out Runtime Data.
[[0;32m  OK  [0m] Started Set console font and keymap.
[[0;32m  OK  [0m] Started Create Volatile Files and Directories.
[[0;32m  OK  [0m] Started Commit a transient machine-id on disk.
[[0;32m  OK  [0m] Found device /dev/ttyS0.
         Starting Update UTMP about System Boot/Shutdown...
[[0;32m  OK  [0m] Started ebtables ruleset management.
[[0;32m  OK  [0m] Started Update UTMP about System Boot/Shutdown.
[[0;32m  OK  [0m] Listening on Load/Save RF Kill Switch Status /dev/rfkill Watch.
[[0;32m  OK  [0m] Started AppArmor initialization.
[   12.291189] cloud-init[413]: Cloud-init v. 18.4-0ubuntu1~18.04.1 running 'init-local' at Fri, 23 Nov 2018 11:10:38 +0000. Up 11.72 seconds.
[[0;32m  OK  [0m] Started Initial cloud-init job (pre-networking).
[[0;32m  OK  [0m] Reached target Network (Pre).
         Starting Network Service...
[[0;32m  OK  [0m] Started Network Service.
         Starting Network Name Resolution...
         Starting Wait for Network to be Configured...
[[0;32m  OK  [0m] Started Network Name Resolution.
[[0;32m  OK  [0m] Reached target Host and Network Name Lookups.
[[0;32m  OK  [0m] Reached target Network.
[[0;32m  OK  [0m] Started Wait for Network to be Configured.
         Starting Initial cloud-init job (metadata service crawler)...
[   14.388883] cloud-init[622]: Cloud-init v. 18.4-0ubuntu1~18.04.1 running 'init' at Fri, 23 Nov 2018 11:10:40 +0000. Up 14.16 seconds.
[   14.393005] cloud-init[622]: ci-info: ++++++++++++++++++++++++++++++++++++++Net device info+++++++++++++++++++++++++++++++++++++++
[   14.397182] cloud-init[622]: ci-info: +--------+-------+----------------------------+---------------+--------+-------------------+
[   14.401191] cloud-init[622]: ci-info: | Device |   Up  |          Address           |      Mask     | Scope  |     Hw-Address    |
[   14.404567] cloud-init[622]: ci-info: +--------+-------+----------------------------+---------------+--------+-------------------+
[   14.469595] cloud-init[622]: ci-info: | enp0s3 |  True |         10.0.2.15          | 255.255.255.0 | global | 02:73:c3:8b:e3:3b |
[   14.478917] cloud-init[622]: ci-info: | enp0s3 |  True | fe80::73:c3ff:fe8b:e33b/64 |       .       |  link  | 02:73:c3:8b:e3:3b |
[   14.484826] cloud-init[622]: ci-info: | enp0s8 | False |             .              |       .       |   .    | 08:00:27:76:71:56 |
[   14.488513] cloud-init[622]: ci-info: |   lo   |  True |         127.0.0.1          |   255.0.0.0   |  host  |         .         |
[   14.491836] cloud-init[622]: ci-info: |   lo   |  True |          ::1/128           |       .       |  host  |         .         |
[   14.495372] cloud-init[622]: ci-info: +--------+-------+----------------------------+---------------+--------+-------------------+
[   14.503411] cloud-init[622]: ci-info: ++++++++++++++++++++++++++++Route IPv4 info+++++++++++++++++++++++++++++
[   14.508007] cloud-init[622]: ci-info: +-------+-------------+----------+-----------------+-----------+-------+
[   14.533500] cloud-init[622]: ci-info: | Route | Destination | Gateway  |     Genmask     | Interface | Flags |
[   14.536720] cloud-init[622]: ci-info: +-------+-------------+----------+-----------------+-----------+-------+
[   14.539682] cloud-init[622]: ci-info: |   0   |   0.0.0.0   | 10.0.2.2 |     0.0.0.0     |   enp0s3  |   UG  |
[   14.548292] cloud-init[622]: ci-info: |   1   |   10.0.2.0  | 0.0.0.0  |  255.255.255.0  |   enp0s3  |   U   |
[   14.551938] cloud-init[622]: ci-info: |   2   |   10.0.2.2  | 0.0.0.0  | 255.255.255.255 |   enp0s3  |   UH  |
[   14.555412] cloud-init[622]: ci-info: +-------+-------------+----------+-----------------+-----------+-------+
[   14.558491] cloud-init[622]: ci-info: +++++++++++++++++++Route IPv6 info+++++++++++++++++++
[   14.561163] cloud-init[622]: ci-info: +-------+-------------+---------+-----------+-------+
[   14.609623] cloud-init[622]: ci-info: | Route | Destination | Gateway | Interface | Flags |
[   14.613051] cloud-init[622]: ci-info: +-------+-------------+---------+-----------+-------+
[   14.629576] cloud-init[622]: ci-info: |   1   |  fe80::/64  |    ::   |   enp0s3  |   U   |
[   14.656270] cloud-init[622]: ci-info: |   3   |    local    |    ::   |   enp0s3  |   U   |
[   14.658855] cloud-init[622]: ci-info: |   4   |   ff00::/8  |    ::   |   enp0s3  |   U   |
[   14.661555] cloud-init[622]: ci-info: +-------+-------------+---------+-----------+-------+
[   15.145650] cloud-init[622]: Generating public/private rsa key pair.
[   15.147771] cloud-init[622]: Your identification has been saved in /etc/ssh/ssh_host_rsa_key.
[   15.150753] cloud-init[622]: Your public key has been saved in /etc/ssh/ssh_host_rsa_key.pub.
[   15.153349] cloud-init[622]: The key fingerprint is:
[   15.154995] cloud-init[622]: SHA256:/OD9Nim0NIJSThfDuY9M5BJInwEfunglsW5Hwkb35Jo root@ubuntu-bionic
[   15.161338] cloud-init[622]: The key's randomart image is:
[   15.163111] cloud-init[622]: +---[RSA 2048]----+
[   15.179991] cloud-init[622]: |   .=o+...       |
[   15.220145] cloud-init[622]: |   o.B.B*        |
[   15.221688] cloud-init[622]: |    B *+o+       |
[   15.223224] cloud-init[622]: |   + *++=        |
[   15.224677] cloud-init[622]: |  . =+E*So       |
[[   15.238466] cloud-init[622]: |   o..o.++=      |
[   15.238753] cloud-init[622]: |     .  .+oo .   |
[0;32m  OK  [0m] Started Initial cloud-init job (metadata service crawler).
[   15.239945] cloud-init[622]: |          o.+    |
[   15.247516] cloud-init[622]: |           o..   |
[   15.249362] cloud-init[622]: +----[SHA256]-----+
[   15.250993] cloud-init[622]: Generating public/private dsa key pair.
[[   15.253043] cloud-init[622]: Your identification has been saved in /etc/ssh/ssh_host_dsa_key.
[   15.253300] cloud-init[622]: Your public key has been saved in /etc/ssh/ssh_host_dsa_key.pub.
[   15.254008] cloud-init[622]: The key fingerprint is:
[   15.254667] cloud-init[622]: SHA256:3ewIzXpijkoX8hCxMQ8O6+lqFhFrYT2y6w70OeznPkY root@ubuntu-bionic
[   15.255397] cloud-init[622]: The key's randomart image is:
[0;32m  OK  [0m] Reached target Cloud-config availability.
[   15.256240] cloud-init[622]: +---[DSA 1024]----+
[[   15.306289] cloud-init[622]: |  o =            |
[   15.306539] cloud-init[622]: | = * B           |
[   15.307454] cloud-init[622]: |. B = .          |
[0;32m  OK  [0m] Reached target Network is Online.
[   15.308701] cloud-init[622]: | * . .   + o     |
[   15.314490] cloud-init[622]: |..= o . S + o    |
[   15.318517] cloud-init[622]: |.+o .E . o o     |
         Starting Availability of block devices...
[   15.329714] [[0;32m  OK  [0m] Reached target Remote File Systems (Pre).
cloud-init[622]: |o o=o o + o .    |
[[0;32m  OK  [0m] Reached target Remote File Systems.
[   15.331261] [[0;32m  OK  [0m] Reached target System Initialization.
[[0;32m  OK  [0m] Listening on Open-iSCSI iscsid Socket.
         Starting Socket activation for snappy daemon.
[[0;32m  OK  [0m] Listening on UUID daemon activation socket.
[[0;32m  OK  [0m] Started Discard unused blocks once a week.
[[0;32m  OK  [0m] Started Daily apt download activities.
cloud-init[622]: |.=...= + o       |
         Starting LXD - unix socket.
[[0;32m  OK  [0m] Started Message of the Day.
[[0;32m  OK  [0m] Listening on D-Bus System Message Bus Socket.
[   15.387469] cloud-init[622]: |=. .*+o .        |
[   15.419422] cloud-init[622]: +----[SHA256]-----+
[   15.433744] cloud-init[622]: Generating public/private ecdsa key pair.
[[0;32m  OK  [0m] Listening on ACPID Listen Socket.
[   15.457829] cloud-init[622]: Your identification has been saved in /etc/ssh/ssh_host_ecdsa_key.
[   15.592964] cloud-init[622]: Your public key has been saved in /etc/ssh/ssh_host_ecdsa_key.pub.
[   15.604332] cloud-init[622]: The key fingerprint is:
[[0;32m  OK  [0m] Started ACPI Events Check.
[[0;32m  OK  [0m] Reached target Paths.
[[0;32m  OK  [0m] Started Daily apt upgrade and clean activities.
[   15.609074] cloud-init[622]: SHA256:TP2GA39pf+1z+uDlmz0KuVsoZj8ifV1QP/wqvM8ifKY root@ubuntu-bionic
[   15.624437] cloud-init[622]: The key's randomart image is:
[   15.630911] cloud-init[622]: +---[ECDSA 256]---+
[   15.632643] cloud-init[622]: |                 |
[   15.638858] cloud-init[622]: |         .     . |
[   15.644371] cloud-init[622]: |        o .   o .|
[[0;32m  OK  [0m] Started Daily Cleanup of Temporary Directories.
[[0;32m  OK  [0m] Reached target Timers.
[   15.648873] cloud-init[622]: |       o o o o o.|
[   15.655759] cloud-init[622]: |        S + * . o|
[   15.659080] cloud-init[622]: |           =o. .o|
[   15.660529] cloud-init[622]: |        .= =..+.+|
[   15.671558] cloud-init[622]: |       .oo=oX+.O+|
[   15.673376] cloud-init[622]: |        . EO+**=X|
[[0;32m  OK  [0m] Started Availability of block devices.
[[0;32m  OK  [0m] Listening on Socket activation for snappy daemon.
[[0;32m  OK  [0m] Listening on LXD - unix socket.
[   15.677813] cloud-init[622]: +----[SHA256]-----+
[   15.687174] cloud-init[622]: Generating public/private ed25519 key pair.
[[0;32m  OK  [0m] Reached target Sockets.
[[0;32m  OK  [0m] Reached target Basic System.
[[0;32m  OK  [0m] Started irqbalance daemon.
[[0;32m  OK  [0m] Started D-Bus System Message Bus.
[   15.691996] cloud-init[622]: Your identification has been saved in /etc/ssh/ssh_host_ed25519_key.
[   15.970275]          Starting Accounts Service...
[[0;32m  OK  [0m] Started Unattended Upgrades Shutdown.
[[0;32m  OK  [0m] Started FUSE filesystem for LXC.
cloud-init[622]: Your public key has been saved in /etc/ssh/ssh_host_ed25519_key.pub.
[   15.980382] cloud-init[622]: The key fingerprint is:
         Starting Pollinate to seed the pseudo random number generator...
[   15.984813] cloud-init[622]: SHA256:tAge76zGWhf8LFX2x3l8wespsDyTi4uJHwI+xIgry1I root@ubuntu-bionic
[   15.999039] cloud-init[622]: The key's randomart image is:
[   16.002245] cloud-init[622]: +--[ED25519 256]--+
[   16.003942] cloud-init[622]: |                 |
[   16.005448] cloud-init[622]: |              .  |
[[0;32m  OK  [0m] Started Regular background program processing daemon.
[   16.015132] cloud-init[622]:          Starting System Logging Service...
|    o   . o    o |
[   16.031445] cloud-init[622]:          Starting Dispatcher daemon for systemd-networkd...
|. o. = o + . . oo|
         Starting Virtualbox guest utils...
[   16.038876] cloud-init[622]: |.. +. = S  .. +.+|         Starting LSB: automatic crash report generation...
         Starting Permit User Sessions...

         Starting LSB: Record successful boot for GRUB...
[   16.088614] cloud-init[[0;32m  OK  [0m] Started Deferred execution scheduler.
[622]: | .E .o =  . +...o|
         Starting Login Service...
         Starting LXD - container startup/shutdown...
[   16.112511] cloud-init[622]: |o. +..=.o  * . o |
[   16.116498] cloud-init[622]: |+. .+oo.+ . + .  |
         Starting Snappy daemon...
[   16.154391] cloud-init[[0;32m  OK  [0m] Started System Logging Service.
[[0;32m  OK  [0m] Started Permit User Sessions.
[622]: |o..o...+ o..     |
[   16.160975] cloud-init[622]: +----[SHA256]-----+
[[0;32m  OK  [0m] Started Login Service.
         Starting Authorization Manager...
         Starting Terminate Plymouth Boot Screen...
         Starting Hold until boot process finishes up...
[[0;32m  OK  [0m] Started Hold until boot process finishes up.
[[0;32m  OK  [0m] Started Serial Getty on ttyS0.
         Starting Set console scheme...
[[0;32m  OK  [0m] Started Terminate Plymouth Boot Screen.
[[0;32m  OK  [0m] Started LXD - container startup/shutdown.
[[0;32m  OK  [0m] Started Authorization Manager.
[[0;32m  OK  [0m] Started Accounts Service.
[[0;32m  OK  [0m] Started Set console scheme.
[[0;32m  OK  [0m] Created slice system-getty.slice.
[[0;32m  OK  [0m] Started Getty on tty1.
[[0;32m  OK  [0m] Reached target Login Prompts.
[[0;32m  OK  [0m] Started LSB: automatic crash report generation.
[[0;32m  OK  [0m] Started Dispatcher daemon for systemd-networkd.
[[0;32m  OK  [0m] Started LSB: Record successful boot for GRUB.
[[0;32m  OK  [0m] Started Snappy daemon.
         Starting Wait until snapd is fully seeded...
[[0;32m  OK  [0m] Started Virtualbox guest utils.
[[0;32m  OK  [0m] Started Pollinate to seed the pseudo random number generator.
         Starting OpenBSD Secure Shell server...
[[0;32m  OK  [0m] Started OpenBSD Secure Shell server.
[[0;32m  OK  [0m] Created slice User Slice of vagrant.
         Starting User Manager for UID 1000...
[[0;32m  OK  [0m] Started Session 1 of user vagrant.
[[0;32m  OK  [0m] Started User Manager for UID 1000.
[[0;32m  OK  [0m] Started Wait until snapd is fully seeded.
[[0;32m  OK  [0m] Reached target Multi-User System.
[[0;32m  OK  [0m] Reached target Graphical Interface.
         Starting Update UTMP about System Runlevel Changes...
         Starting Apply the settings specified in cloud-config...
[[0;32m  OK  [0m] Started Update UTMP about System Runlevel Changes.
[   21.645071] cloud-init[1197]: Cloud-init v. 18.4-0ubuntu1~18.04.1 running 'modules:config' at Fri, 23 Nov 2018 11:10:47 +0000. Up 21.00 seconds.

Ubuntu 18.04.1 LTS ubuntu-bionic ttyS0

ubuntu-bionic login: ci-info: no authorized ssh keys fingerprints found for user ubuntu.
<14>Nov 23 11:10:48 ec2: 
<14>Nov 23 11:10:48 ec2: #############################################################
<14>Nov 23 11:10:48 ec2: -----BEGIN SSH HOST KEY FINGERPRINTS-----
<14>Nov 23 11:10:48 ec2: 1024 SHA256:3ewIzXpijkoX8hCxMQ8O6+lqFhFrYT2y6w70OeznPkY root@ubuntu-bionic (DSA)
<14>Nov 23 11:10:48 ec2: 256 SHA256:TP2GA39pf+1z+uDlmz0KuVsoZj8ifV1QP/wqvM8ifKY root@ubuntu-bionic (ECDSA)
<14>Nov 23 11:10:48 ec2: 256 SHA256:tAge76zGWhf8LFX2x3l8wespsDyTi4uJHwI+xIgry1I root@ubuntu-bionic (ED25519)
<14>Nov 23 11:10:48 ec2: 2048 SHA256:/OD9Nim0NIJSThfDuY9M5BJInwEfunglsW5Hwkb35Jo root@ubuntu-bionic (RSA)
<14>Nov 23 11:10:48 ec2: -----END SSH HOST KEY FINGERPRINTS-----
<14>Nov 23 11:10:48 ec2: #############################################################
-----BEGIN SSH HOST KEY KEYS-----
ecdsa-sha2-nistp256 AAAAE2VjZHNhLXNoYTItbmlzdHAyNTYAAAAIbmlzdHAyNTYAAABBBC5gNS0qPIUZ6rpILvti5Iit5kk31YWtnOguI/RZkMmGHFwKRqhGUU0lq0aQvdyOArZGT0glGRZ2LkpPZIjMeqQ= root@ubuntu-bionic
ssh-ed25519 AAAAC3NzaC1lZDI1NTE5AAAAIBkUcqrArZ1dls89Y/EpORqfRHjfqthk9EyIwjSgcw3z root@ubuntu-bionic
ssh-rsa AAAAB3NzaC1yc2EAAAADAQABAAABAQCvrrnp53usXyGogKxV+PdJHYYwj/6Aq1RKx4Uo+kvTwip6C7uAhB49DaEvIOXGBtAlocgpHeo/m6kbv7E90iMrf7fDOp1kBWFXQ4CTQW/2vYa62U92M69+lEDGNzbwySq1v+CYK63qS+TH3ZO/0p3/KKO27aJJWYnzIZhZvWFHk1XpO2g5Ue1BZ3T/UIgBK4s/SofvisiFLEXMkqQK0wfepxFkG61MOy6EDVPjOGFbLPooqz9dqraVLZ9BtAdoNLaZ4q8yYuB9qIo2KTLSqbBDh+/gAoRktGk/2WdpKBcMNAmvHuSjZ6JSVK0/F6zSOkEExLiI2Lag5bOn+NRMosGN root@ubuntu-bionic
-----END SSH HOST KEY KEYS-----
[   22.633169] cloud-init[1410]: Cloud-init v. 18.4-0ubuntu1~18.04.1 running 'modules:final' at Fri, 23 Nov 2018 11:10:48 +0000. Up 22.40 seconds.
[   22.648753] cloud-init[1410]: ci-info: no authorized ssh keys fingerprints found for user ubuntu.
[   22.650224] cloud-init[1410]: Cloud-init v. 18.4-0ubuntu1~18.04.1 finished at Fri, 23 Nov 2018 11:10:49 +0000. Datasource DataSourceNoCloud [seed=/dev/sdb][dsmode=net].  Up 22.60 seconds
